[debug] [2017-08-18T19:27:12.527Z] ----------------------------------------------------------------------
[debug] [2017-08-18T19:27:12.530Z] Command:      /Users/ssmith/.nvm/versions/node/v6.11.1/bin/node /Users/ssmith/.nvm/versions/node/v6.11.1/bin/firebase serve
[debug] [2017-08-18T19:27:12.530Z] CLI Version:  3.9.1
[debug] [2017-08-18T19:27:12.530Z] Platform:     darwin
[debug] [2017-08-18T19:27:12.530Z] Node Version: v6.11.1
[debug] [2017-08-18T19:27:12.531Z] Time:         Fri Aug 18 2017 15:27:12 GMT-0400 (EDT)
[debug] [2017-08-18T19:27:12.531Z] ----------------------------------------------------------------------
[debug] 
[debug] [2017-08-18T19:27:12.542Z] > command requires scopes: ["email","openid","https://www.googleapis.com/auth/cloudplatformprojects.readonly","https://www.googleapis.com/auth/firebase","https://www.googleapis.com/auth/cloud-platform"]
[debug] [2017-08-18T19:27:12.542Z] > authorizing via signed-in user
[debug] [2017-08-18T19:27:12.545Z] >>> HTTP REQUEST GET https://admin.firebase.com/v1/projects/meenta-public  
 Fri Aug 18 2017 15:27:12 GMT-0400 (EDT)
[debug] [2017-08-18T19:27:12.918Z] <<< HTTP RESPONSE 200
[debug] [2017-08-18T19:27:12.919Z] >>> HTTP REQUEST GET https://admin.firebase.com/v1/database/meenta-public/tokens  
 Fri Aug 18 2017 15:27:12 GMT-0400 (EDT)
[debug] [2017-08-18T19:27:13.291Z] <<< HTTP RESPONSE 200
[info] 
[info] === Serving from '/Users/ssmith/Documents/meenta/meenta-public'...
[info] 
[debug] [2017-08-18T19:27:13.295Z] >>> HTTP REQUEST GET https://cloudresourcemanager.googleapis.com/v1/projects/meenta-public  
 Fri Aug 18 2017 15:27:13 GMT-0400 (EDT)
[debug] [2017-08-18T19:27:13.591Z] <<< HTTP RESPONSE 200
[debug] [2017-08-18T19:27:13.591Z] >>> HTTP REQUEST GET https://mobilesdk-pa.googleapis.com/v1/projects/693979123470/clients/_:getWebAppConfig  
 Fri Aug 18 2017 15:27:13 GMT-0400 (EDT)
[debug] [2017-08-18T19:27:14.107Z] <<< HTTP RESPONSE 200
[info] i  hosting: Serving hosting files from: _site
[info] ✔  hosting: Local server: http://localhost:5000

