[debug] [2017-11-20T17:14:47.223Z] ----------------------------------------------------------------------
[debug] [2017-11-20T17:14:47.227Z] Command:      /Users/ssmith/.nvm/versions/node/v6.0.0/bin/node /Users/ssmith/.nvm/versions/node/v6.0.0/bin/firebase serve
[debug] [2017-11-20T17:14:47.228Z] CLI Version:  3.9.1
[debug] [2017-11-20T17:14:47.228Z] Platform:     darwin
[debug] [2017-11-20T17:14:47.229Z] Node Version: v6.0.0
[debug] [2017-11-20T17:14:47.230Z] Time:         Mon Nov 20 2017 12:14:47 GMT-0500 (EST)
[debug] [2017-11-20T17:14:47.230Z] ----------------------------------------------------------------------
[debug] 
[debug] [2017-11-20T17:14:47.260Z] > command requires scopes: ["email","openid","https://www.googleapis.com/auth/cloudplatformprojects.readonly","https://www.googleapis.com/auth/firebase","https://www.googleapis.com/auth/cloud-platform"]
[debug] [2017-11-20T17:14:47.261Z] > authorizing via signed-in user
[debug] [2017-11-20T17:14:47.267Z] > refreshing access token with scopes: ["email","https://www.googleapis.com/auth/cloud-platform","https://www.googleapis.com/auth/cloudplatformprojects.readonly","https://www.googleapis.com/auth/firebase","openid"]
[debug] [2017-11-20T17:14:47.268Z] >>> HTTP REQUEST POST https://www.googleapis.com/oauth2/v3/token { refresh_token: '1/f91kR1xw_BHNGhda9u1AZmL9lOYVZDRQ2EvgJPJCH-M',
  client_id: '563584335869-fgrhgmd47bqnekij5i8b5pr03ho849e6.apps.googleusercontent.com',
  client_secret: 'j9iVZfS8kkCEFUPaAeJV0sAi',
  grant_type: 'refresh_token',
  scope: 'email https://www.googleapis.com/auth/cloud-platform https://www.googleapis.com/auth/cloudplatformprojects.readonly https://www.googleapis.com/auth/firebase openid' } 
 Mon Nov 20 2017 12:14:47 GMT-0500 (EST)
[debug] [2017-11-20T17:14:47.432Z] <<< HTTP RESPONSE 200
[debug] [2017-11-20T17:14:47.434Z] >>> HTTP REQUEST GET https://admin.firebase.com/v1/projects/meenta-public  
 Mon Nov 20 2017 12:14:47 GMT-0500 (EST)
[debug] [2017-11-20T17:14:48.126Z] <<< HTTP RESPONSE 200
[debug] [2017-11-20T17:14:48.127Z] >>> HTTP REQUEST GET https://admin.firebase.com/v1/database/meenta-public/tokens  
 Mon Nov 20 2017 12:14:48 GMT-0500 (EST)
[debug] [2017-11-20T17:14:48.512Z] <<< HTTP RESPONSE 200
[info] 
[info] === Serving from '/Users/ssmith/Documents/meenta/site'...
[info] 
[debug] [2017-11-20T17:14:48.515Z] >>> HTTP REQUEST GET https://cloudresourcemanager.googleapis.com/v1/projects/meenta-public  
 Mon Nov 20 2017 12:14:48 GMT-0500 (EST)
[debug] [2017-11-20T17:14:48.803Z] <<< HTTP RESPONSE 200
[debug] [2017-11-20T17:14:48.804Z] >>> HTTP REQUEST GET https://mobilesdk-pa.googleapis.com/v1/projects/693979123470/clients/_:getWebAppConfig  
 Mon Nov 20 2017 12:14:48 GMT-0500 (EST)
[debug] [2017-11-20T17:14:49.192Z] <<< HTTP RESPONSE 200
[info] i  hosting: Serving hosting files from: _site
[info] ✔  hosting: Local server: http://localhost:5000

